<?xml version="1.0" encoding="UTF-8"?>
<!-- Generated by org.testng.reporters.JUnitXMLReporter -->
<testsuite ignored="0" hostname="Thinkpadgen9ofNghia" failures="1" tests="1" name="Surefire test" time="2.83" errors="0" timestamp="2026-06-10T14:27:57 GMT+07:00">
  <testcase classname="com.DinhVanNghia.LoginTest" name="loginSuccess" time="2.8">
    <failure type="java.lang.AssertionError" message="expected [true] but found [false]">
      <![CDATA[java.lang.AssertionError: expected [true] but found [false]
at com.DinhVanNghia.LoginTest.loginSuccess(LoginTest.java:34)
at java.base/java.util.ArrayList.forEach(ArrayList.java:1612)
... Removed 34 stack frames]]>
    </failure>
  </testcase> <!-- loginSuccess -->
</testsuite> <!-- Surefire test -->
