<?xml version="1.0" encoding="UTF-8"?>
<!-- Generated by org.testng.reporters.JUnitXMLReporter -->
<testsuite ignored="0" hostname="Thinkpadgen9ofNghia" failures="1" tests="2" name="Surefire test" time="5.877" errors="0" timestamp="2026-06-10T14:36:26 GMT+07:00">
  <testcase classname="com.DinhVanNghia.LoginTest" name="loginFailure" time="3.317">
    <failure type="java.lang.AssertionError" message="expected [true] but found [false]">
      <![CDATA[java.lang.AssertionError: expected [true] but found [false]
at com.DinhVanNghia.LoginTest.loginFailure(LoginTest.java:63)
at java.base/java.util.ArrayList.forEach(ArrayList.java:1612)
... Removed 34 stack frames]]>
    </failure>
  </testcase> <!-- loginFailure -->
  <testcase classname="com.DinhVanNghia.LoginTest" name="loginSuccess" time="2.526"/>
</testsuite> <!-- Surefire test -->
