<?xml version="1.0" encoding="UTF-8"?>
<testng-results ignored="0" total="1" passed="1" failed="0" skipped="0">
  <reporter-output>
  </reporter-output>
  <suite started-at="2026-06-10T14:11:52 GMT+07:00" name="Surefire suite" finished-at="2026-06-10T14:11:56 GMT+07:00" duration-ms="3738">
    <groups>
    </groups>
    <test started-at="2026-06-10T14:11:52 GMT+07:00" name="Surefire test" finished-at="2026-06-10T14:11:56 GMT+07:00" duration-ms="3738">
      <class name="com.example.LoginTest">
        <test-method signature="loginSuccess()[pri:0, instance:com.example.LoginTest@70b0b186]" started-at="2026-06-10T14:11:52 GMT+07:00" name="loginSuccess" finished-at="2026-06-10T14:11:56 GMT+07:00" duration-ms="3708" status="PASS">
          <reporter-output>
          </reporter-output>
        </test-method> <!-- loginSuccess -->
      </class> <!-- com.example.LoginTest -->
    </test> <!-- Surefire test -->
  </suite> <!-- Surefire suite -->
</testng-results>
